Base path: 'C:/Program Files/Unity/Hub/Editor/2022.3.50f1/Editor/Data', plugins path 'C:/Program Files/Unity/Hub/Editor/2022.3.50f1/Editor/Data/PlaybackEngines'
Cmd: initializeCompiler

Cmd: compileComputeKernel
  insize=13221 file=Packages/com.unity.render-pipelines.high-definition/Runtime/PostProcessing/Shaders/LutBuilder3D.compute kernel=KBuild ppOnly=0 stripLineD=0 buildPlatform=19 km=<UNITY_VERSION=202239> pKW=UNITY_ENABLE_REFLECTION_BUFFERS UNITY_USE_DITHER_MASK_FOR_ALPHABLENDED_SHADOWS UNITY_PBS_USE_BRDF1 UNITY_SPECCUBE_BOX_PROJECTION UNITY_SPECCUBE_BLENDING UNITY_ENABLE_DETAIL_NORMALMAP SHADER_API_DESKTOP UNITY_LIGHT_PROBE_PROXY_VOLUME UNITY_LIGHTMAP_FULL_HDR uKW=TONEMAPPING_NONE GRADE_IN_ACESCG SHADER_STAGE_COMPUTE platform=d3d11 flags=0 reqs=16385 forceDXC=0 forceFXC=0 ok=1 outsize=8936

Cmd: compileSnippet
  insize=14288 file=Packages/com.unity.render-pipelines.high-definition/Runtime/Material/Lit/Lit.shader name=HDRP/Lit pass=SceneSelectionPass ppOnly=0 stripLineD=0 buildPlatform=19 rsLen=0 pKW=UNITY_ENABLE_REFLECTION_BUFFERS UNITY_USE_DITHER_MASK_FOR_ALPHABLENDED_SHADOWS UNITY_PBS_USE_BRDF1 UNITY_SPECCUBE_BOX_PROJECTION UNITY_SPECCUBE_BLENDING UNITY_ENABLE_DETAIL_NORMALMAP SHADER_API_DESKTOP UNITY_LIGHT_PROBE_PROXY_VOLUME UNITY_LIGHTMAP_FULL_HDR uKW=_DISABLE_SSR_TRANSPARENT dKW=_SURFACE_TYPE_TRANSPARENT DOTS_INSTANCING_ON LOD_FADE_CROSSFADE INSTANCING_ON _VERTEX_DISPLACEMENT_LOCK_OBJECT_SCALE _ALPHATEST_ON _DOUBLESIDED_ON _VERTEX_DISPLACEMENT _PIXEL_DISPLACEMENT _DISPLACEMENT_LOCK_TILING_SCALE _MAPPING_PLANAR _MAPPING_TRIPLANAR _REQUIRE_UV2 _REQUIRE_UV3 _NORMALMAP _HEIGHTMAP _TRANSPARENT_WRITES_MOTION_VEC _ADD_PRECOMPUTED_VELOCITY UNITY_NO_DXT5nm UNITY_FRAMEBUFFER_FETCH_AVAILABLE UNITY_METAL_SHADOWS_USE_POINT_FILTERING UNITY_NO_SCREENSPACE_SHADOWS UNITY_PBS_USE_BRDF2 UNITY_PBS_USE_BRDF3 UNITY_NO_FULL_STANDARD_SHADER UNITY_HARDWARE_TIER1 UNITY_HARDWARE_TIER2 UNITY_HARDWARE_TIER3 UNITY_COLORSPACE_GAMMA UNITY_HALF_PRECISION_FRAGMENT_SHADER_REGISTERS UNITY_LIGHTMAP_DLDR_ENCODING UNITY_LIGHTMAP_RGBM_ENCODING UNITY_VIRTUAL_TEXTURING UNITY_PRETRANSFORM_TO_DISPLAY_ORIENTATION UNITY_ASTC_NORMALMAP_ENCODING SHADER_API_GLES30 UNITY_UNIFIED_SHADER_PRECISION_MODEL flags=0 lang=3 type=Vertex platform=d3d11 reqs=1101803 mask=6 start=429 ok=1 outsize=566

Cmd: compileSnippet
  insize=38912 file=Assets/Airplane_Interior/Shaders/MI_Book_01.shader name=Unreal/MI_Book_01 pass=MotionVectors ppOnly=0 stripLineD=0 buildPlatform=19 rsLen=0 pKW=UNITY_ENABLE_REFLECTION_BUFFERS UNITY_USE_DITHER_MASK_FOR_ALPHABLENDED_SHADOWS UNITY_PBS_USE_BRDF1 UNITY_SPECCUBE_BOX_PROJECTION UNITY_SPECCUBE_BLENDING UNITY_ENABLE_DETAIL_NORMALMAP SHADER_API_DESKTOP UNITY_LIGHT_PROBE_PROXY_VOLUME UNITY_LIGHTMAP_FULL_HDR UNITY_PASS_MOTIONVECTORS uKW=_BLENDMODE_OFF _DOUBLESIDED_ON _REFRACTION_OFF dKW=DOTS_INSTANCING_ON _SURFACE_TYPE_TRANSPARENT WRITE_NORMAL_BUFFER WRITE_DECAL_BUFFER INSTANCING_ON _BLENDMODE_ALPHA _BLENDMODE_ADD _BLENDMODE_PRE_MULTIPLY _ADD_PRECOMPUTED_VELOCITY _TRANSPARENT_WRITES_MOTION_VEC _REFRACTION_PLANE _REFRACTION_SPHERE _REFRACTION_THIN UNITY_NO_DXT5nm UNITY_FRAMEBUFFER_FETCH_AVAILABLE UNITY_METAL_SHADOWS_USE_POINT_FILTERING UNITY_NO_SCREENSPACE_SHADOWS UNITY_PBS_USE_BRDF2 UNITY_PBS_USE_BRDF3 UNITY_NO_FULL_STANDARD_SHADER UNITY_HARDWARE_TIER1 UNITY_HARDWARE_TIER2 UNITY_HARDWARE_TIER3 UNITY_COLORSPACE_GAMMA UNITY_HALF_PRECISION_FRAGMENT_SHADER_REGISTERS UNITY_LIGHTMAP_DLDR_ENCODING UNITY_LIGHTMAP_RGBM_ENCODING UNITY_VIRTUAL_TEXTURING UNITY_PRETRANSFORM_TO_DISPLAY_ORIENTATION UNITY_ASTC_NORMALMAP_ENCODING SHADER_API_GLES30 UNITY_UNIFIED_SHADER_PRECISION_MODEL flags=0 lang=3 type=Vertex platform=d3d11 reqs=1101803 mask=6 start=3172  error: 1 plat 26 at Assets/Airplane_Interior/Shaders/MI_Book_01.hlsl(60): 'PI': macro redefinition. Previous definition found at C:/Users/mcpik/Final Flight/Final-Flight/Library/PackageCache/com.unity.render-pipelines.core@14.0.11/ShaderLibrary/Macros.hlsl:23.
  error: 1 plat 4 at Assets/Airplane_Interior/Shaders/MI_Book_01.hlsl(336): 'mul': implicit truncation of vector type
  error: 1 plat 4 at Assets/Airplane_Interior/Shaders/UnrealCommon.cginc(3): 'exclude_renderers' : unknown pragma ignored
  error: 1 plat 4 at Assets/Airplane_Interior/Shaders/UnrealCommon.cginc(498): implicit truncation of vector type
  error: 1 plat 4 at Assets/Airplane_Interior/Shaders/UnrealCommon.cginc(502): implicit truncation of vector type
  error: 1 plat 4 at Assets/Airplane_Interior/Shaders/UnrealCommon.cginc(1347): implicit truncation of vector type
  error: 1 plat 4 at Assets/Airplane_Interior/Shaders/UnrealCommon.cginc(1818): 'Pow2': implicit truncation of vector type
  error: 1 plat 4 at Assets/Airplane_Interior/Shaders/UnrealCommon.cginc(2336): implicit truncation of vector type
  error: 1 plat 4 at Assets/Airplane_Interior/Shaders/UnrealCommon.cginc(2341): implicit truncation of vector type
 ok=1 outsize=2838

Cmd: compileSnippet
  insize=38909 file=Assets/Airplane_Interior/Shaders/MI_Cart.shader name=Unreal/MI_Cart pass=MotionVectors ppOnly=0 stripLineD=0 buildPlatform=19 rsLen=0 pKW=UNITY_ENABLE_REFLECTION_BUFFERS UNITY_USE_DITHER_MASK_FOR_ALPHABLENDED_SHADOWS UNITY_PBS_USE_BRDF1 UNITY_SPECCUBE_BOX_PROJECTION UNITY_SPECCUBE_BLENDING UNITY_ENABLE_DETAIL_NORMALMAP SHADER_API_DESKTOP UNITY_LIGHT_PROBE_PROXY_VOLUME UNITY_LIGHTMAP_FULL_HDR UNITY_PASS_MOTIONVECTORS uKW=_BLENDMODE_OFF _DOUBLESIDED_ON _REFRACTION_OFF dKW=DOTS_INSTANCING_ON _SURFACE_TYPE_TRANSPARENT WRITE_NORMAL_BUFFER WRITE_DECAL_BUFFER INSTANCING_ON _BLENDMODE_ALPHA _BLENDMODE_ADD _BLENDMODE_PRE_MULTIPLY _ADD_PRECOMPUTED_VELOCITY _TRANSPARENT_WRITES_MOTION_VEC _REFRACTION_PLANE _REFRACTION_SPHERE _REFRACTION_THIN UNITY_NO_DXT5nm UNITY_FRAMEBUFFER_FETCH_AVAILABLE UNITY_METAL_SHADOWS_USE_POINT_FILTERING UNITY_NO_SCREENSPACE_SHADOWS UNITY_PBS_USE_BRDF2 UNITY_PBS_USE_BRDF3 UNITY_NO_FULL_STANDARD_SHADER UNITY_HARDWARE_TIER1 UNITY_HARDWARE_TIER2 UNITY_HARDWARE_TIER3 UNITY_COLORSPACE_GAMMA UNITY_HALF_PRECISION_FRAGMENT_SHADER_REGISTERS UNITY_LIGHTMAP_DLDR_ENCODING UNITY_LIGHTMAP_RGBM_ENCODING UNITY_VIRTUAL_TEXTURING UNITY_PRETRANSFORM_TO_DISPLAY_ORIENTATION UNITY_ASTC_NORMALMAP_ENCODING SHADER_API_GLES30 UNITY_UNIFIED_SHADER_PRECISION_MODEL flags=0 lang=3 type=Vertex platform=d3d11 reqs=1101803 mask=6 start=3172  error: 1 plat 26 at Assets/Airplane_Interior/Shaders/MI_Cart.hlsl(60): 'PI': macro redefinition. Previous definition found at C:/Users/mcpik/Final Flight/Final-Flight/Library/PackageCache/com.unity.render-pipelines.core@14.0.11/ShaderLibrary/Macros.hlsl:23.
  error: 1 plat 4 at Assets/Airplane_Interior/Shaders/MI_Cart.hlsl(336): 'mul': implicit truncation of vector type
  error: 1 plat 4 at Assets/Airplane_Interior/Shaders/UnrealCommon.cginc(3): 'exclude_renderers' : unknown pragma ignored
  error: 1 plat 4 at Assets/Airplane_Interior/Shaders/UnrealCommon.cginc(498): implicit truncation of vector type
  error: 1 plat 4 at Assets/Airplane_Interior/Shaders/UnrealCommon.cginc(502): implicit truncation of vector type
  error: 1 plat 4 at Assets/Airplane_Interior/Shaders/UnrealCommon.cginc(1347): implicit truncation of vector type
  error: 1 plat 4 at Assets/Airplane_Interior/Shaders/UnrealCommon.cginc(1818): 'Pow2': implicit truncation of vector type
  error: 1 plat 4 at Assets/Airplane_Interior/Shaders/UnrealCommon.cginc(2336): implicit truncation of vector type
  error: 1 plat 4 at Assets/Airplane_Interior/Shaders/UnrealCommon.cginc(2341): implicit truncation of vector type
 ok=1 outsize=2838

Cmd: shutdown
